生成启动时间为 2019/10/22 10:16:50。
     1>项目“F:\科大三年新的开始\C++practice\practice13_14\practice13_14\practice13_14.vcxproj”在节点 2 上(Build 个目标)。
     1>ClCompile:
         D:\software\Microsoft Visual Studio 2015\VC\bin\CL.exe /c /ZI /nologo /W3 /WX- /Od /Oy- /D WIN32 /D _DEBUG /D _CONSOLE /D _UNICODE /D UNICODE /Gm /EHsc /RTC1 /MDd /GS /fp:precise /Zc:wchar_t /Zc:forScope /Zc:inline /Fo"Debug\\" /Fd"Debug\vc140.pdb" /Gd /TP /analyze- /errorReport:prompt dma.cpp
         dma.cpp
     1>f:\科大三年新的开始\c++practice\practice13_14\practice13_14\dma.cpp(10): warning C4996: 'strcpy': This function or variable may be unsafe. Consider using strcpy_s instead. To disable deprecation, use _CRT_SECURE_NO_WARNINGS. See online help for details.
         c:\program files (x86)\windows kits\10\include\10.0.10150.0\ucrt\string.h(119): note: 参见“strcpy”的声明
     1>f:\科大三年新的开始\c++practice\practice13_14\practice13_14\dma.cpp(17): warning C4996: 'strcpy': This function or variable may be unsafe. Consider using strcpy_s instead. To disable deprecation, use _CRT_SECURE_NO_WARNINGS. See online help for details.
         c:\program files (x86)\windows kits\10\include\10.0.10150.0\ucrt\string.h(119): note: 参见“strcpy”的声明
     1>f:\科大三年新的开始\c++practice\practice13_14\practice13_14\dma.cpp(32): warning C4996: 'strcpy': This function or variable may be unsafe. Consider using strcpy_s instead. To disable deprecation, use _CRT_SECURE_NO_WARNINGS. See online help for details.
         c:\program files (x86)\windows kits\10\include\10.0.10150.0\ucrt\string.h(119): note: 参见“strcpy”的声明
     1>f:\科大三年新的开始\c++practice\practice13_14\practice13_14\dma.cpp(47): warning C4996: 'strncpy': This function or variable may be unsafe. Consider using strncpy_s instead. To disable deprecation, use _CRT_SECURE_NO_WARNINGS. See online help for details.
         c:\program files (x86)\windows kits\10\include\10.0.10150.0\ucrt\string.h(346): note: 参见“strncpy”的声明
     1>f:\科大三年新的开始\c++practice\practice13_14\practice13_14\dma.cpp(53): warning C4996: 'strncpy': This function or variable may be unsafe. Consider using strncpy_s instead. To disable deprecation, use _CRT_SECURE_NO_WARNINGS. See online help for details.
         c:\program files (x86)\windows kits\10\include\10.0.10150.0\ucrt\string.h(346): note: 参见“strncpy”的声明
     1>f:\科大三年新的开始\c++practice\practice13_14\practice13_14\dma.cpp(68): warning C4996: 'strcpy': This function or variable may be unsafe. Consider using strcpy_s instead. To disable deprecation, use _CRT_SECURE_NO_WARNINGS. See online help for details.
         c:\program files (x86)\windows kits\10\include\10.0.10150.0\ucrt\string.h(119): note: 参见“strcpy”的声明
     1>f:\科大三年新的开始\c++practice\practice13_14\practice13_14\dma.cpp(74): warning C4996: 'strcpy': This function or variable may be unsafe. Consider using strcpy_s instead. To disable deprecation, use _CRT_SECURE_NO_WARNINGS. See online help for details.
         c:\program files (x86)\windows kits\10\include\10.0.10150.0\ucrt\string.h(119): note: 参见“strcpy”的声明
     1>f:\科大三年新的开始\c++practice\practice13_14\practice13_14\dma.cpp(81): warning C4996: 'strcpy': This function or variable may be unsafe. Consider using strcpy_s instead. To disable deprecation, use _CRT_SECURE_NO_WARNINGS. See online help for details.
         c:\program files (x86)\windows kits\10\include\10.0.10150.0\ucrt\string.h(119): note: 参见“strcpy”的声明
     1>f:\科大三年新的开始\c++practice\practice13_14\practice13_14\dma.cpp(96): warning C4996: 'strcpy': This function or variable may be unsafe. Consider using strcpy_s instead. To disable deprecation, use _CRT_SECURE_NO_WARNINGS. See online help for details.
         c:\program files (x86)\windows kits\10\include\10.0.10150.0\ucrt\string.h(119): note: 参见“strcpy”的声明
       Link:
         D:\software\Microsoft Visual Studio 2015\VC\bin\link.exe /ERRORREPORT:PROMPT /OUT:"F:\科大三年新的开始\C++practice\practice13_14\Debug\practice13_14.exe" /INCREMENTAL /NOLOGO kernel32.lib user32.lib gdi32.lib winspool.lib comdlg32.lib advapi32.lib shell32.lib ole32.lib oleaut32.lib uuid.lib odbc32.lib odbccp32.lib /MANIFEST /MANIFESTUAC:"level='asInvoker' uiAccess='false'" /manifest:embed /Debug /PDB:"F:\科大三年新的开始\C++practice\practice13_14\Debug\practice13_14.pdb" /SUBSYSTEM:CONSOLE /TLBID:1 /DYNAMICBASE /NXCOMPAT /IMPLIB:"F:\科大三年新的开始\C++practice\practice13_14\Debug\practice13_14.lib" /MACHINE:X86 Debug\dma.obj
         Debug\usedma.obj
         practice13_14.vcxproj -> F:\科大三年新的开始\C++practice\practice13_14\Debug\practice13_14.exe
     1>已完成生成项目“F:\科大三年新的开始\C++practice\practice13_14\practice13_14\practice13_14.vcxproj”(Build 个目标)的操作。

已成功生成。

已用时间 00:00:02.27
